<?xml version="1.0" encoding="UTF-8"?>
<!-- Generated by org.testng.reporters.JUnitReportReporter -->
<testsuite skipped="0" hostname="shankars-mbp-2.lan" name="MVNProject.MavenJAVA.AppiumTest" tests="2" failures="0" timestamp="07 Jul 2020 23:04:21 GMT" time="0.011" errors="0">
  <testcase name="IOSApps" time="0.003" classname="MVNProject.MavenJAVA.AppiumTest"/>
  <testcase name="AndroidApps" time="0.008" classname="MVNProject.MavenJAVA.AppiumTest"/>
</testsuite> <!-- MVNProject.MavenJAVA.AppiumTest -->
