<?xml version="1.0" encoding="UTF-8"?>
<!-- Generated by org.testng.reporters.JUnitReportReporter -->
<testsuite skipped="0" hostname="shankars-mbp-2.lan" name="MVNProject.MavenJAVA.AppiumTest" tests="2" failures="0" timestamp="2020-07-07T19:03:49 EDT" time="0.028" errors="0">
  <testcase name="AndroidApps" time="0.012" classname="MVNProject.MavenJAVA.AppiumTest"/>
  <system-out/>
  <testcase name="IOSApps" time="0.016" classname="MVNProject.MavenJAVA.AppiumTest"/>
  <system-out/>
</testsuite> <!-- MVNProject.MavenJAVA.AppiumTest -->
