<?xml version="1.0" encoding="UTF-8"?>
<!-- Generated by org.testng.reporters.JUnitReportReporter -->
<testsuite skipped="0" hostname="shankars-mbp-2.lan" name="MVNProject.MavenJAVA.SeleniumTest" tests="2" failures="0" timestamp="2020-07-07T19:03:49 EDT" time="0.001" errors="0">
  <testcase name="BrowserAutomation" time="0.001" classname="MVNProject.MavenJAVA.SeleniumTest"/>
  <system-out/>
  <testcase name="ElementsUI" time="0.000" classname="MVNProject.MavenJAVA.SeleniumTest"/>
  <system-out/>
</testsuite> <!-- MVNProject.MavenJAVA.SeleniumTest -->
